<?xml version="1.0" encoding="UTF-8"?>
<!-- Generated by org.testng.reporters.JUnitReportReporter -->
<testsuite hostname="Reddi-Kothapalli.local" name="com.optimus.shopify.test.SearchAndAddProductTest" tests="4" failures="0" timestamp="14 May 2020 08:49:08 GMT" time="17.973" errors="0">
  <testcase name="searchProduct" time="1.463" classname="com.optimus.shopify.test.SearchAndAddProductTest"/>
  <testcase name="searchProduct" time="6.471" classname="com.optimus.shopify.test.SearchAndAddProductTest"/>
  <testcase name="addFeaturedCollectionProduct" time="5.183" classname="com.optimus.shopify.test.SearchAndAddProductTest"/>
  <testcase name="addFeaturedCollectionProduct" time="4.856" classname="com.optimus.shopify.test.SearchAndAddProductTest"/>
</testsuite> <!-- com.optimus.shopify.test.SearchAndAddProductTest -->
