<?xml version="1.0" encoding="UTF-8"?>
<!-- Generated by org.testng.reporters.JUnitReportReporter -->
<testsuite hostname="Reddi-Kothapalli.local" name="com.optimus.shopify.test.SearchAndAddProductTest" tests="2" failures="0" timestamp="13 May 2020 17:45:42 GMT" time="13.822" errors="0">
  <testcase name="searchProduct" time="6.629" classname="com.optimus.shopify.test.SearchAndAddProductTest"/>
  <testcase name="searchProduct" time="7.193" classname="com.optimus.shopify.test.SearchAndAddProductTest"/>
</testsuite> <!-- com.optimus.shopify.test.SearchAndAddProductTest -->
