<?xml version="1.0" encoding="UTF-8"?>
<!-- Generated by org.testng.reporters.JUnitReportReporter -->
<testsuite hostname="Reddi-Kothapalli.local" name="com.optimus.shopify.test.SearchAndAddProductTest" tests="1" failures="0" timestamp="13 May 2020 13:49:47 GMT" time="7.508" errors="0">
  <testcase name="searchProduct" time="7.508" classname="com.optimus.shopify.test.SearchAndAddProductTest"/>
</testsuite> <!-- com.optimus.shopify.test.SearchAndAddProductTest -->
